2023-04-06 10:57:18,445 [Worker-3: Loading available Gradle versions] INFO  c.g.t.t.d.PublishedGradleVersions - Gradle version information cache is up-to-date. Trying to read.
2023-04-06 11:02:31,239 [Worker-10: Import Getting Started Content] INFO  o.e.m.c.i.l.LifecycleMappingFactory - Using org.maven.ide.eclipse.wtp.WarLifecycleMapping lifecycle mapping for MavenProject: com.org:MiniPRojectSpringboot:0.0.1-SNAPSHOT @ D:\ProjectMini\MiniPRojectSpringboot\pom.xml.
2023-04-06 11:02:33,481 [Worker-10: Import Getting Started Content] INFO  o.e.m.j.i.AbstractJavaProjectConfigurator - Adding source folder /MiniPRojectSpringboot/src/main/java
2023-04-06 11:02:33,482 [Worker-10: Import Getting Started Content] INFO  o.e.m.j.i.AbstractJavaProjectConfigurator - Adding resource folder /MiniPRojectSpringboot/src/main/resources
2023-04-06 11:02:33,488 [Worker-10: Import Getting Started Content] INFO  o.e.m.j.i.AbstractJavaProjectConfigurator - Adding resource folder /MiniPRojectSpringboot/src/main/resources
2023-04-06 11:02:33,517 [Worker-10: Import Getting Started Content] INFO  o.e.m.j.i.AbstractJavaProjectConfigurator - Adding source folder /MiniPRojectSpringboot/src/test/java
2023-04-06 11:02:36,231 [Worker-10: Import Getting Started Content] INFO  o.e.m.c.i.p.ProjectConfigurationManager - Imported and configured 1 project(s) in 6 sec
2023-04-06 11:02:36,233 [Worker-10: Import Getting Started Content] INFO  o.e.m.c.i.p.ProjectConfigurationManager - Update started
2023-04-06 11:02:36,677 [Worker-10: Import Getting Started Content] INFO  o.e.m.c.i.l.LifecycleMappingFactory - Using org.maven.ide.eclipse.wtp.WarLifecycleMapping lifecycle mapping for MavenProject: com.org:MiniPRojectSpringboot:0.0.1-SNAPSHOT @ D:\ProjectMini\MiniPRojectSpringboot\pom.xml.
2023-04-06 11:02:37,847 [Worker-10: Import Getting Started Content] INFO  o.e.m.j.i.AbstractJavaProjectConfigurator - Adding source folder /MiniPRojectSpringboot/src/main/java
2023-04-06 11:02:37,847 [Worker-10: Import Getting Started Content] INFO  o.e.m.j.i.AbstractJavaProjectConfigurator - Adding resource folder /MiniPRojectSpringboot/src/main/resources
2023-04-06 11:02:37,847 [Worker-10: Import Getting Started Content] INFO  o.e.m.j.i.AbstractJavaProjectConfigurator - Adding resource folder /MiniPRojectSpringboot/src/main/resources
2023-04-06 11:02:37,848 [Worker-10: Import Getting Started Content] INFO  o.e.m.j.i.AbstractJavaProjectConfigurator - Adding source folder /MiniPRojectSpringboot/src/test/java
2023-04-06 11:02:38,554 [Worker-10: Import Getting Started Content] INFO  o.e.m.w.i.f.ResourceFilteringBuildParticipant - Cleaning filtered folder for MiniPRojectSpringboot
2023-04-06 11:02:38,585 [Worker-10: Import Getting Started Content] INFO  o.e.m.c.i.p.ProjectConfigurationManager - Update completed: 2 sec
2023-04-06 11:02:40,728 [Worker-15: Building workspace] INFO  o.e.m.c.i.embedder.EclipseLogger - Using 'UTF-8' encoding to copy filtered resources.
2023-04-06 11:02:40,728 [Worker-15: Building workspace] INFO  o.e.m.c.i.embedder.EclipseLogger - Using 'UTF-8' encoding to copy filtered properties files.
2023-04-06 11:02:40,733 [Worker-15: Building workspace] INFO  o.e.m.c.i.embedder.EclipseLogger - Copying 1 resource
2023-04-06 11:02:40,753 [Worker-15: Building workspace] INFO  o.e.m.c.i.embedder.EclipseLogger - Copying 0 resource
2023-04-06 11:02:40,757 [Worker-15: Building workspace] INFO  o.e.m.c.i.embedder.EclipseLogger - Using 'UTF-8' encoding to copy filtered resources.
2023-04-06 11:02:40,757 [Worker-15: Building workspace] INFO  o.e.m.c.i.embedder.EclipseLogger - Using 'UTF-8' encoding to copy filtered properties files.
2023-04-06 11:02:40,757 [Worker-15: Building workspace] INFO  o.e.m.c.i.embedder.EclipseLogger - skip non existing resourceDirectory D:\ProjectMini\MiniPRojectSpringboot\src\test\resources
2023-04-06 11:02:40,758 [Worker-15: Building workspace] INFO  o.e.m.w.i.f.ResourceFilteringBuildParticipant - Changed resources require a complete clean of filtered resources of MiniPRojectSpringboot
2023-04-06 11:02:40,759 [Worker-15: Building workspace] INFO  o.e.m.w.i.f.ResourceFilteringBuildParticipant - Executing resource filtering for MiniPRojectSpringboot
2023-04-06 11:02:40,766 [Worker-15: Building workspace] INFO  o.e.m.c.i.embedder.EclipseLogger - Using 'UTF-8' encoding to copy filtered resources.
2023-04-06 11:02:40,766 [Worker-15: Building workspace] INFO  o.e.m.c.i.embedder.EclipseLogger - Using 'UTF-8' encoding to copy filtered properties files.
2023-04-06 11:08:28,806 [Worker-21: Building workspace] INFO  o.e.m.c.i.embedder.EclipseLogger - Using 'UTF-8' encoding to copy filtered resources.
2023-04-06 11:08:28,806 [Worker-21: Building workspace] INFO  o.e.m.c.i.embedder.EclipseLogger - Using 'UTF-8' encoding to copy filtered properties files.
2023-04-06 11:08:28,806 [Worker-21: Building workspace] INFO  o.e.m.c.i.embedder.EclipseLogger - Copying 1 resource
2023-04-06 11:08:28,806 [Worker-21: Building workspace] INFO  o.e.m.c.i.embedder.EclipseLogger - Copying 0 resource
2023-04-06 11:08:28,806 [Worker-21: Building workspace] INFO  o.e.m.c.i.embedder.EclipseLogger - Using 'UTF-8' encoding to copy filtered resources.
2023-04-06 11:08:28,806 [Worker-21: Building workspace] INFO  o.e.m.c.i.embedder.EclipseLogger - Using 'UTF-8' encoding to copy filtered properties files.
2023-04-06 11:08:28,806 [Worker-21: Building workspace] INFO  o.e.m.c.i.embedder.EclipseLogger - skip non existing resourceDirectory D:\ProjectMini\MiniPRojectSpringboot\src\test\resources
2023-04-06 11:09:16,752 [Worker-18: Building workspace] INFO  o.e.m.c.i.embedder.EclipseLogger - Using 'UTF-8' encoding to copy filtered resources.
2023-04-06 11:09:16,752 [Worker-18: Building workspace] INFO  o.e.m.c.i.embedder.EclipseLogger - Using 'UTF-8' encoding to copy filtered properties files.
2023-04-06 11:09:16,755 [Worker-18: Building workspace] INFO  o.e.m.c.i.embedder.EclipseLogger - Copying 1 resource
2023-04-06 11:09:16,771 [Worker-18: Building workspace] INFO  o.e.m.c.i.embedder.EclipseLogger - Copying 0 resource
2023-04-06 11:09:16,774 [Worker-18: Building workspace] INFO  o.e.m.c.i.embedder.EclipseLogger - Using 'UTF-8' encoding to copy filtered resources.
2023-04-06 11:09:16,774 [Worker-18: Building workspace] INFO  o.e.m.c.i.embedder.EclipseLogger - Using 'UTF-8' encoding to copy filtered properties files.
2023-04-06 11:09:16,774 [Worker-18: Building workspace] INFO  o.e.m.c.i.embedder.EclipseLogger - skip non existing resourceDirectory D:\ProjectMini\MiniPRojectSpringboot\src\test\resources
2023-04-06 11:11:13,995 [Worker-19: Building workspace] INFO  o.e.m.c.i.embedder.EclipseLogger - Using 'UTF-8' encoding to copy filtered resources.
2023-04-06 11:11:13,995 [Worker-19: Building workspace] INFO  o.e.m.c.i.embedder.EclipseLogger - Using 'UTF-8' encoding to copy filtered properties files.
2023-04-06 11:11:13,995 [Worker-19: Building workspace] INFO  o.e.m.c.i.embedder.EclipseLogger - Copying 0 resource
2023-04-06 11:11:13,995 [Worker-19: Building workspace] INFO  o.e.m.c.i.embedder.EclipseLogger - Copying 0 resource
2023-04-06 11:11:13,995 [Worker-19: Building workspace] INFO  o.e.m.c.i.embedder.EclipseLogger - Using 'UTF-8' encoding to copy filtered resources.
2023-04-06 11:11:13,995 [Worker-19: Building workspace] INFO  o.e.m.c.i.embedder.EclipseLogger - Using 'UTF-8' encoding to copy filtered properties files.
2023-04-06 11:11:13,995 [Worker-19: Building workspace] INFO  o.e.m.c.i.embedder.EclipseLogger - skip non existing resourceDirectory D:\ProjectMini\MiniPRojectSpringboot\src\test\resources
2023-04-06 11:13:57,059 [Worker-19: Building workspace] INFO  o.e.m.c.i.embedder.EclipseLogger - Using 'UTF-8' encoding to copy filtered resources.
2023-04-06 11:13:57,059 [Worker-19: Building workspace] INFO  o.e.m.c.i.embedder.EclipseLogger - Using 'UTF-8' encoding to copy filtered properties files.
2023-04-06 11:13:57,059 [Worker-19: Building workspace] INFO  o.e.m.c.i.embedder.EclipseLogger - Copying 1 resource
2023-04-06 11:13:57,068 [Worker-19: Building workspace] INFO  o.e.m.c.i.embedder.EclipseLogger - Copying 0 resource
2023-04-06 11:13:57,070 [Worker-19: Building workspace] INFO  o.e.m.c.i.embedder.EclipseLogger - Using 'UTF-8' encoding to copy filtered resources.
2023-04-06 11:13:57,071 [Worker-19: Building workspace] INFO  o.e.m.c.i.embedder.EclipseLogger - Using 'UTF-8' encoding to copy filtered properties files.
2023-04-06 11:13:57,071 [Worker-19: Building workspace] INFO  o.e.m.c.i.embedder.EclipseLogger - skip non existing resourceDirectory D:\ProjectMini\MiniPRojectSpringboot\src\test\resources
2023-04-06 11:14:33,656 [Worker-21: Building workspace] INFO  o.e.m.c.i.embedder.EclipseLogger - Using 'UTF-8' encoding to copy filtered resources.
2023-04-06 11:14:33,656 [Worker-21: Building workspace] INFO  o.e.m.c.i.embedder.EclipseLogger - Using 'UTF-8' encoding to copy filtered properties files.
2023-04-06 11:14:33,656 [Worker-21: Building workspace] INFO  o.e.m.c.i.embedder.EclipseLogger - Copying 1 resource
2023-04-06 11:14:33,668 [Worker-21: Building workspace] INFO  o.e.m.c.i.embedder.EclipseLogger - Copying 0 resource
2023-04-06 11:14:33,670 [Worker-21: Building workspace] INFO  o.e.m.c.i.embedder.EclipseLogger - Using 'UTF-8' encoding to copy filtered resources.
2023-04-06 11:14:33,670 [Worker-21: Building workspace] INFO  o.e.m.c.i.embedder.EclipseLogger - Using 'UTF-8' encoding to copy filtered properties files.
2023-04-06 11:14:33,670 [Worker-21: Building workspace] INFO  o.e.m.c.i.embedder.EclipseLogger - skip non existing resourceDirectory D:\ProjectMini\MiniPRojectSpringboot\src\test\resources
2023-04-06 11:14:54,543 [Worker-19: Building workspace] INFO  o.e.m.c.i.embedder.EclipseLogger - Using 'UTF-8' encoding to copy filtered resources.
2023-04-06 11:14:54,543 [Worker-19: Building workspace] INFO  o.e.m.c.i.embedder.EclipseLogger - Using 'UTF-8' encoding to copy filtered properties files.
2023-04-06 11:14:54,543 [Worker-19: Building workspace] INFO  o.e.m.c.i.embedder.EclipseLogger - Copying 1 resource
2023-04-06 11:14:54,552 [Worker-19: Building workspace] INFO  o.e.m.c.i.embedder.EclipseLogger - Copying 0 resource
2023-04-06 11:14:54,553 [Worker-19: Building workspace] INFO  o.e.m.c.i.embedder.EclipseLogger - Using 'UTF-8' encoding to copy filtered resources.
2023-04-06 11:14:54,553 [Worker-19: Building workspace] INFO  o.e.m.c.i.embedder.EclipseLogger - Using 'UTF-8' encoding to copy filtered properties files.
2023-04-06 11:14:54,553 [Worker-19: Building workspace] INFO  o.e.m.c.i.embedder.EclipseLogger - skip non existing resourceDirectory D:\ProjectMini\MiniPRojectSpringboot\src\test\resources
2023-04-06 11:15:00,451 [Worker-26: Building workspace] INFO  o.e.m.c.i.embedder.EclipseLogger - Using 'UTF-8' encoding to copy filtered resources.
2023-04-06 11:15:00,451 [Worker-26: Building workspace] INFO  o.e.m.c.i.embedder.EclipseLogger - Using 'UTF-8' encoding to copy filtered properties files.
2023-04-06 11:15:00,452 [Worker-26: Building workspace] INFO  o.e.m.c.i.embedder.EclipseLogger - Copying 1 resource
2023-04-06 11:15:00,460 [Worker-26: Building workspace] INFO  o.e.m.c.i.embedder.EclipseLogger - Copying 0 resource
2023-04-06 11:15:00,461 [Worker-26: Building workspace] INFO  o.e.m.c.i.embedder.EclipseLogger - Using 'UTF-8' encoding to copy filtered resources.
2023-04-06 11:15:00,461 [Worker-26: Building workspace] INFO  o.e.m.c.i.embedder.EclipseLogger - Using 'UTF-8' encoding to copy filtered properties files.
2023-04-06 11:15:00,461 [Worker-26: Building workspace] INFO  o.e.m.c.i.embedder.EclipseLogger - skip non existing resourceDirectory D:\ProjectMini\MiniPRojectSpringboot\src\test\resources
2023-04-06 12:02:01,491 [Worker-38: Building workspace] INFO  o.e.m.c.i.embedder.EclipseLogger - Using 'UTF-8' encoding to copy filtered resources.
2023-04-06 12:02:01,491 [Worker-38: Building workspace] INFO  o.e.m.c.i.embedder.EclipseLogger - Using 'UTF-8' encoding to copy filtered properties files.
2023-04-06 12:02:01,492 [Worker-38: Building workspace] INFO  o.e.m.c.i.embedder.EclipseLogger - Copying 1 resource
2023-04-06 12:02:01,544 [Worker-38: Building workspace] INFO  o.e.m.c.i.embedder.EclipseLogger - Copying 0 resource
2023-04-06 12:02:01,546 [Worker-38: Building workspace] INFO  o.e.m.c.i.embedder.EclipseLogger - Using 'UTF-8' encoding to copy filtered resources.
2023-04-06 12:02:01,547 [Worker-38: Building workspace] INFO  o.e.m.c.i.embedder.EclipseLogger - Using 'UTF-8' encoding to copy filtered properties files.
2023-04-06 12:02:01,547 [Worker-38: Building workspace] INFO  o.e.m.c.i.embedder.EclipseLogger - skip non existing resourceDirectory D:\ProjectMini\MiniPRojectSpringboot\src\test\resources
2023-04-06 12:02:52,101 [Worker-35: Building workspace] INFO  o.e.m.c.i.embedder.EclipseLogger - Using 'UTF-8' encoding to copy filtered resources.
2023-04-06 12:02:52,101 [Worker-35: Building workspace] INFO  o.e.m.c.i.embedder.EclipseLogger - Using 'UTF-8' encoding to copy filtered properties files.
2023-04-06 12:02:52,101 [Worker-35: Building workspace] INFO  o.e.m.c.i.embedder.EclipseLogger - Copying 1 resource
2023-04-06 12:02:52,154 [Worker-35: Building workspace] INFO  o.e.m.c.i.embedder.EclipseLogger - Copying 0 resource
2023-04-06 12:02:52,156 [Worker-35: Building workspace] INFO  o.e.m.c.i.embedder.EclipseLogger - Using 'UTF-8' encoding to copy filtered resources.
2023-04-06 12:02:52,156 [Worker-35: Building workspace] INFO  o.e.m.c.i.embedder.EclipseLogger - Using 'UTF-8' encoding to copy filtered properties files.
2023-04-06 12:02:52,156 [Worker-35: Building workspace] INFO  o.e.m.c.i.embedder.EclipseLogger - skip non existing resourceDirectory D:\ProjectMini\MiniPRojectSpringboot\src\test\resources
2023-04-06 12:03:11,211 [Worker-41: Building workspace] INFO  o.e.m.c.i.embedder.EclipseLogger - Using 'UTF-8' encoding to copy filtered resources.
2023-04-06 12:03:11,211 [Worker-41: Building workspace] INFO  o.e.m.c.i.embedder.EclipseLogger - Using 'UTF-8' encoding to copy filtered properties files.
2023-04-06 12:03:11,211 [Worker-41: Building workspace] INFO  o.e.m.c.i.embedder.EclipseLogger - Copying 1 resource
2023-04-06 12:03:11,219 [Worker-41: Building workspace] INFO  o.e.m.c.i.embedder.EclipseLogger - Copying 0 resource
2023-04-06 12:03:11,220 [Worker-41: Building workspace] INFO  o.e.m.c.i.embedder.EclipseLogger - Using 'UTF-8' encoding to copy filtered resources.
2023-04-06 12:03:11,220 [Worker-41: Building workspace] INFO  o.e.m.c.i.embedder.EclipseLogger - Using 'UTF-8' encoding to copy filtered properties files.
2023-04-06 12:03:11,220 [Worker-41: Building workspace] INFO  o.e.m.c.i.embedder.EclipseLogger - skip non existing resourceDirectory D:\ProjectMini\MiniPRojectSpringboot\src\test\resources
2023-04-06 12:03:55,441 [Worker-40: Building workspace] INFO  o.e.m.c.i.embedder.EclipseLogger - Using 'UTF-8' encoding to copy filtered resources.
2023-04-06 12:03:55,441 [Worker-40: Building workspace] INFO  o.e.m.c.i.embedder.EclipseLogger - Using 'UTF-8' encoding to copy filtered properties files.
2023-04-06 12:03:55,442 [Worker-40: Building workspace] INFO  o.e.m.c.i.embedder.EclipseLogger - Copying 1 resource
2023-04-06 12:03:55,447 [Worker-40: Building workspace] INFO  o.e.m.c.i.embedder.EclipseLogger - Copying 0 resource
2023-04-06 12:03:55,449 [Worker-40: Building workspace] INFO  o.e.m.c.i.embedder.EclipseLogger - Using 'UTF-8' encoding to copy filtered resources.
2023-04-06 12:03:55,449 [Worker-40: Building workspace] INFO  o.e.m.c.i.embedder.EclipseLogger - Using 'UTF-8' encoding to copy filtered properties files.
2023-04-06 12:03:55,449 [Worker-40: Building workspace] INFO  o.e.m.c.i.embedder.EclipseLogger - skip non existing resourceDirectory D:\ProjectMini\MiniPRojectSpringboot\src\test\resources
2023-04-06 12:04:37,848 [Worker-39: Building workspace] INFO  o.e.m.c.i.embedder.EclipseLogger - Using 'UTF-8' encoding to copy filtered resources.
2023-04-06 12:04:37,848 [Worker-39: Building workspace] INFO  o.e.m.c.i.embedder.EclipseLogger - Using 'UTF-8' encoding to copy filtered properties files.
2023-04-06 12:04:37,849 [Worker-39: Building workspace] INFO  o.e.m.c.i.embedder.EclipseLogger - Copying 1 resource
2023-04-06 12:04:37,854 [Worker-39: Building workspace] INFO  o.e.m.c.i.embedder.EclipseLogger - Copying 0 resource
2023-04-06 12:04:37,856 [Worker-39: Building workspace] INFO  o.e.m.c.i.embedder.EclipseLogger - Using 'UTF-8' encoding to copy filtered resources.
2023-04-06 12:04:37,856 [Worker-39: Building workspace] INFO  o.e.m.c.i.embedder.EclipseLogger - Using 'UTF-8' encoding to copy filtered properties files.
2023-04-06 12:04:37,856 [Worker-39: Building workspace] INFO  o.e.m.c.i.embedder.EclipseLogger - skip non existing resourceDirectory D:\ProjectMini\MiniPRojectSpringboot\src\test\resources
2023-04-06 12:06:29,169 [Worker-35: Resolving model org.eclipse.recommenders:index::zip:0.0.0] WARN  o.e.r.models.ModelRepository - Failed to download org.eclipse.recommenders:index::zip:0.0.0
org.eclipse.aether.resolution.ArtifactResolutionException: Could not find artifact org.eclipse.recommenders:index:zip:0.0.0-SNAPSHOT in models (http://download.eclipse.org/recommenders/models/photon/)
	at org.eclipse.aether.internal.impl.DefaultArtifactResolver.resolve(DefaultArtifactResolver.java:453) ~[na:na]
	at org.eclipse.aether.internal.impl.DefaultArtifactResolver.resolveArtifacts(DefaultArtifactResolver.java:255) ~[na:na]
	at org.eclipse.aether.internal.impl.DefaultArtifactResolver.resolveArtifact(DefaultArtifactResolver.java:232) ~[na:na]
	at org.eclipse.aether.internal.impl.DefaultRepositorySystem.resolveArtifact(DefaultRepositorySystem.java:303) ~[na:na]
	at org.eclipse.recommenders.models.ModelRepository.resolveInternal(ModelRepository.java:193) [org.eclipse.recommenders.models_2.5.4.v20180909-1132.jar:na]
	at org.eclipse.recommenders.models.ModelRepository.resolve(ModelRepository.java:172) [org.eclipse.recommenders.models_2.5.4.v20180909-1132.jar:na]
	at org.eclipse.recommenders.internal.models.rcp.EclipseModelRepository.resolve(EclipseModelRepository.java:168) [org.eclipse.recommenders.models.rcp_2.5.4.v20180909-1132.jar:na]
	at org.eclipse.recommenders.internal.models.rcp.DownloadModelArchiveJob.run(DownloadModelArchiveJob.java:76) [org.eclipse.recommenders.models.rcp_2.5.4.v20180909-1132.jar:na]
	at org.eclipse.core.internal.jobs.Worker.run(Worker.java:63) [org.eclipse.core.jobs_3.10.100.v20180817-1215.jar:na]
Caused by: org.eclipse.aether.transfer.ArtifactNotFoundException: Could not find artifact org.eclipse.recommenders:index:zip:0.0.0-SNAPSHOT in models (http://download.eclipse.org/recommenders/models/photon/)
	at org.eclipse.aether.connector.basic.ArtifactTransportListener.transferFailed(ArtifactTransportListener.java:48) ~[org.apache.maven.resolver.connector.basic_1.0.3.v20170405-0725.jar:1.0.3]
	at org.eclipse.aether.connector.basic.BasicRepositoryConnector$TaskRunner.run(BasicRepositoryConnector.java:364) ~[org.apache.maven.resolver.connector.basic_1.0.3.v20170405-0725.jar:1.0.3]
	at org.eclipse.aether.util.concurrency.RunnableErrorForwarder$1.run(RunnableErrorForwarder.java:76) ~[na:na]
	at org.eclipse.aether.connector.basic.BasicRepositoryConnector$DirectExecutor.execute(BasicRepositoryConnector.java:590) ~[org.apache.maven.resolver.connector.basic_1.0.3.v20170405-0725.jar:1.0.3]
	at org.eclipse.aether.connector.basic.BasicRepositoryConnector.get(BasicRepositoryConnector.java:258) ~[org.apache.maven.resolver.connector.basic_1.0.3.v20170405-0725.jar:1.0.3]
	at org.eclipse.aether.internal.impl.DefaultArtifactResolver.performDownloads(DefaultArtifactResolver.java:529) ~[na:na]
	at org.eclipse.aether.internal.impl.DefaultArtifactResolver.resolve(DefaultArtifactResolver.java:430) ~[na:na]
	... 8 common frames omitted
2023-04-06 12:07:29,954 [Worker-35: Building workspace] INFO  o.e.m.c.i.embedder.EclipseLogger - Using 'UTF-8' encoding to copy filtered resources.
2023-04-06 12:07:29,954 [Worker-35: Building workspace] INFO  o.e.m.c.i.embedder.EclipseLogger - Using 'UTF-8' encoding to copy filtered properties files.
2023-04-06 12:07:29,954 [Worker-35: Building workspace] INFO  o.e.m.c.i.embedder.EclipseLogger - Copying 1 resource
2023-04-06 12:07:29,962 [Worker-35: Building workspace] INFO  o.e.m.c.i.embedder.EclipseLogger - Copying 0 resource
2023-04-06 12:07:29,963 [Worker-35: Building workspace] INFO  o.e.m.c.i.embedder.EclipseLogger - Using 'UTF-8' encoding to copy filtered resources.
2023-04-06 12:07:29,963 [Worker-35: Building workspace] INFO  o.e.m.c.i.embedder.EclipseLogger - Using 'UTF-8' encoding to copy filtered properties files.
2023-04-06 12:07:29,963 [Worker-35: Building workspace] INFO  o.e.m.c.i.embedder.EclipseLogger - skip non existing resourceDirectory D:\ProjectMini\MiniPRojectSpringboot\src\test\resources
2023-04-06 12:08:19,699 [Worker-35: Building workspace] INFO  o.e.m.c.i.embedder.EclipseLogger - Using 'UTF-8' encoding to copy filtered resources.
2023-04-06 12:08:19,699 [Worker-35: Building workspace] INFO  o.e.m.c.i.embedder.EclipseLogger - Using 'UTF-8' encoding to copy filtered properties files.
2023-04-06 12:08:19,699 [Worker-35: Building workspace] INFO  o.e.m.c.i.embedder.EclipseLogger - Copying 1 resource
2023-04-06 12:08:19,707 [Worker-35: Building workspace] INFO  o.e.m.c.i.embedder.EclipseLogger - Copying 0 resource
2023-04-06 12:08:19,708 [Worker-35: Building workspace] INFO  o.e.m.c.i.embedder.EclipseLogger - Using 'UTF-8' encoding to copy filtered resources.
2023-04-06 12:08:19,708 [Worker-35: Building workspace] INFO  o.e.m.c.i.embedder.EclipseLogger - Using 'UTF-8' encoding to copy filtered properties files.
2023-04-06 12:08:19,708 [Worker-35: Building workspace] INFO  o.e.m.c.i.embedder.EclipseLogger - skip non existing resourceDirectory D:\ProjectMini\MiniPRojectSpringboot\src\test\resources
2023-04-06 12:10:44,756 [Worker-38: Building workspace] INFO  o.e.m.c.i.embedder.EclipseLogger - Using 'UTF-8' encoding to copy filtered resources.
2023-04-06 12:10:44,756 [Worker-38: Building workspace] INFO  o.e.m.c.i.embedder.EclipseLogger - Using 'UTF-8' encoding to copy filtered properties files.
2023-04-06 12:10:44,757 [Worker-38: Building workspace] INFO  o.e.m.c.i.embedder.EclipseLogger - Copying 1 resource
2023-04-06 12:10:44,763 [Worker-38: Building workspace] INFO  o.e.m.c.i.embedder.EclipseLogger - Copying 0 resource
2023-04-06 12:10:44,765 [Worker-38: Building workspace] INFO  o.e.m.c.i.embedder.EclipseLogger - Using 'UTF-8' encoding to copy filtered resources.
2023-04-06 12:10:44,765 [Worker-38: Building workspace] INFO  o.e.m.c.i.embedder.EclipseLogger - Using 'UTF-8' encoding to copy filtered properties files.
2023-04-06 12:10:44,765 [Worker-38: Building workspace] INFO  o.e.m.c.i.embedder.EclipseLogger - skip non existing resourceDirectory D:\ProjectMini\MiniPRojectSpringboot\src\test\resources
2023-04-06 12:11:52,300 [Worker-44: Building workspace] INFO  o.e.m.c.i.embedder.EclipseLogger - Using 'UTF-8' encoding to copy filtered resources.
2023-04-06 12:11:52,300 [Worker-44: Building workspace] INFO  o.e.m.c.i.embedder.EclipseLogger - Using 'UTF-8' encoding to copy filtered properties files.
2023-04-06 12:11:52,301 [Worker-44: Building workspace] INFO  o.e.m.c.i.embedder.EclipseLogger - Copying 1 resource
2023-04-06 12:11:52,306 [Worker-44: Building workspace] INFO  o.e.m.c.i.embedder.EclipseLogger - Copying 0 resource
2023-04-06 12:11:52,308 [Worker-44: Building workspace] INFO  o.e.m.c.i.embedder.EclipseLogger - Using 'UTF-8' encoding to copy filtered resources.
2023-04-06 12:11:52,308 [Worker-44: Building workspace] INFO  o.e.m.c.i.embedder.EclipseLogger - Using 'UTF-8' encoding to copy filtered properties files.
2023-04-06 12:11:52,308 [Worker-44: Building workspace] INFO  o.e.m.c.i.embedder.EclipseLogger - skip non existing resourceDirectory D:\ProjectMini\MiniPRojectSpringboot\src\test\resources
2023-04-06 12:12:12,744 [Worker-35: Building workspace] INFO  o.e.m.c.i.embedder.EclipseLogger - Using 'UTF-8' encoding to copy filtered resources.
2023-04-06 12:12:12,744 [Worker-35: Building workspace] INFO  o.e.m.c.i.embedder.EclipseLogger - Using 'UTF-8' encoding to copy filtered properties files.
2023-04-06 12:12:12,744 [Worker-35: Building workspace] INFO  o.e.m.c.i.embedder.EclipseLogger - Copying 1 resource
2023-04-06 12:12:12,785 [Worker-35: Building workspace] INFO  o.e.m.c.i.embedder.EclipseLogger - Copying 0 resource
2023-04-06 12:12:12,787 [Worker-35: Building workspace] INFO  o.e.m.c.i.embedder.EclipseLogger - Using 'UTF-8' encoding to copy filtered resources.
2023-04-06 12:12:12,787 [Worker-35: Building workspace] INFO  o.e.m.c.i.embedder.EclipseLogger - Using 'UTF-8' encoding to copy filtered properties files.
2023-04-06 12:12:12,787 [Worker-35: Building workspace] INFO  o.e.m.c.i.embedder.EclipseLogger - skip non existing resourceDirectory D:\ProjectMini\MiniPRojectSpringboot\src\test\resources
2023-04-06 12:18:43,795 [Worker-35: Building workspace] INFO  o.e.m.c.i.embedder.EclipseLogger - Using 'UTF-8' encoding to copy filtered resources.
2023-04-06 12:18:43,795 [Worker-35: Building workspace] INFO  o.e.m.c.i.embedder.EclipseLogger - Using 'UTF-8' encoding to copy filtered properties files.
2023-04-06 12:18:43,795 [Worker-35: Building workspace] INFO  o.e.m.c.i.embedder.EclipseLogger - Copying 1 resource
2023-04-06 12:18:43,803 [Worker-35: Building workspace] INFO  o.e.m.c.i.embedder.EclipseLogger - Copying 0 resource
2023-04-06 12:18:43,804 [Worker-35: Building workspace] INFO  o.e.m.c.i.embedder.EclipseLogger - Using 'UTF-8' encoding to copy filtered resources.
2023-04-06 12:18:43,804 [Worker-35: Building workspace] INFO  o.e.m.c.i.embedder.EclipseLogger - Using 'UTF-8' encoding to copy filtered properties files.
2023-04-06 12:18:43,804 [Worker-35: Building workspace] INFO  o.e.m.c.i.embedder.EclipseLogger - skip non existing resourceDirectory D:\ProjectMini\MiniPRojectSpringboot\src\test\resources
2023-04-06 12:22:28,544 [Worker-39: Building workspace] INFO  o.e.m.c.i.embedder.EclipseLogger - Using 'UTF-8' encoding to copy filtered resources.
2023-04-06 12:22:28,544 [Worker-39: Building workspace] INFO  o.e.m.c.i.embedder.EclipseLogger - Using 'UTF-8' encoding to copy filtered properties files.
2023-04-06 12:22:28,544 [Worker-39: Building workspace] INFO  o.e.m.c.i.embedder.EclipseLogger - Copying 1 resource
2023-04-06 12:22:28,550 [Worker-39: Building workspace] INFO  o.e.m.c.i.embedder.EclipseLogger - Copying 0 resource
2023-04-06 12:22:28,551 [Worker-39: Building workspace] INFO  o.e.m.c.i.embedder.EclipseLogger - Using 'UTF-8' encoding to copy filtered resources.
2023-04-06 12:22:28,551 [Worker-39: Building workspace] INFO  o.e.m.c.i.embedder.EclipseLogger - Using 'UTF-8' encoding to copy filtered properties files.
2023-04-06 12:22:28,551 [Worker-39: Building workspace] INFO  o.e.m.c.i.embedder.EclipseLogger - skip non existing resourceDirectory D:\ProjectMini\MiniPRojectSpringboot\src\test\resources
2023-04-06 12:23:42,847 [Worker-39: Building workspace] INFO  o.e.m.c.i.embedder.EclipseLogger - Using 'UTF-8' encoding to copy filtered resources.
2023-04-06 12:23:42,847 [Worker-39: Building workspace] INFO  o.e.m.c.i.embedder.EclipseLogger - Using 'UTF-8' encoding to copy filtered properties files.
2023-04-06 12:23:42,847 [Worker-39: Building workspace] INFO  o.e.m.c.i.embedder.EclipseLogger - Copying 1 resource
2023-04-06 12:23:42,854 [Worker-39: Building workspace] INFO  o.e.m.c.i.embedder.EclipseLogger - Copying 0 resource
2023-04-06 12:23:42,856 [Worker-39: Building workspace] INFO  o.e.m.c.i.embedder.EclipseLogger - Using 'UTF-8' encoding to copy filtered resources.
2023-04-06 12:23:42,856 [Worker-39: Building workspace] INFO  o.e.m.c.i.embedder.EclipseLogger - Using 'UTF-8' encoding to copy filtered properties files.
2023-04-06 12:23:42,856 [Worker-39: Building workspace] INFO  o.e.m.c.i.embedder.EclipseLogger - skip non existing resourceDirectory D:\ProjectMini\MiniPRojectSpringboot\src\test\resources
2023-04-06 12:24:10,912 [Worker-48: Building workspace] INFO  o.e.m.c.i.embedder.EclipseLogger - Using 'UTF-8' encoding to copy filtered resources.
2023-04-06 12:24:10,912 [Worker-48: Building workspace] INFO  o.e.m.c.i.embedder.EclipseLogger - Using 'UTF-8' encoding to copy filtered properties files.
2023-04-06 12:24:10,913 [Worker-48: Building workspace] INFO  o.e.m.c.i.embedder.EclipseLogger - Copying 1 resource
2023-04-06 12:24:10,920 [Worker-48: Building workspace] INFO  o.e.m.c.i.embedder.EclipseLogger - Copying 0 resource
2023-04-06 12:24:10,921 [Worker-48: Building workspace] INFO  o.e.m.c.i.embedder.EclipseLogger - Using 'UTF-8' encoding to copy filtered resources.
2023-04-06 12:24:10,921 [Worker-48: Building workspace] INFO  o.e.m.c.i.embedder.EclipseLogger - Using 'UTF-8' encoding to copy filtered properties files.
2023-04-06 12:24:10,921 [Worker-48: Building workspace] INFO  o.e.m.c.i.embedder.EclipseLogger - skip non existing resourceDirectory D:\ProjectMini\MiniPRojectSpringboot\src\test\resources
2023-04-06 12:27:00,637 [Worker-35: Building workspace] INFO  o.e.m.c.i.embedder.EclipseLogger - Using 'UTF-8' encoding to copy filtered resources.
2023-04-06 12:27:00,637 [Worker-35: Building workspace] INFO  o.e.m.c.i.embedder.EclipseLogger - Using 'UTF-8' encoding to copy filtered properties files.
2023-04-06 12:27:00,638 [Worker-35: Building workspace] INFO  o.e.m.c.i.embedder.EclipseLogger - Copying 1 resource
2023-04-06 12:27:00,660 [Worker-35: Building workspace] INFO  o.e.m.c.i.embedder.EclipseLogger - Copying 0 resource
2023-04-06 12:27:00,662 [Worker-35: Building workspace] INFO  o.e.m.c.i.embedder.EclipseLogger - Using 'UTF-8' encoding to copy filtered resources.
2023-04-06 12:27:00,662 [Worker-35: Building workspace] INFO  o.e.m.c.i.embedder.EclipseLogger - Using 'UTF-8' encoding to copy filtered properties files.
2023-04-06 12:27:00,662 [Worker-35: Building workspace] INFO  o.e.m.c.i.embedder.EclipseLogger - skip non existing resourceDirectory D:\ProjectMini\MiniPRojectSpringboot\src\test\resources
2023-04-06 12:30:29,886 [Worker-52: Building workspace] INFO  o.e.m.c.i.embedder.EclipseLogger - Using 'UTF-8' encoding to copy filtered resources.
2023-04-06 12:30:29,886 [Worker-52: Building workspace] INFO  o.e.m.c.i.embedder.EclipseLogger - Using 'UTF-8' encoding to copy filtered properties files.
2023-04-06 12:30:29,886 [Worker-52: Building workspace] INFO  o.e.m.c.i.embedder.EclipseLogger - Copying 1 resource
2023-04-06 12:30:29,892 [Worker-52: Building workspace] INFO  o.e.m.c.i.embedder.EclipseLogger - Copying 0 resource
2023-04-06 12:30:29,893 [Worker-52: Building workspace] INFO  o.e.m.c.i.embedder.EclipseLogger - Using 'UTF-8' encoding to copy filtered resources.
2023-04-06 12:30:29,893 [Worker-52: Building workspace] INFO  o.e.m.c.i.embedder.EclipseLogger - Using 'UTF-8' encoding to copy filtered properties files.
2023-04-06 12:30:29,893 [Worker-52: Building workspace] INFO  o.e.m.c.i.embedder.EclipseLogger - skip non existing resourceDirectory D:\ProjectMini\MiniPRojectSpringboot\src\test\resources
2023-04-06 12:32:11,281 [Worker-52: Building workspace] INFO  o.e.m.c.i.embedder.EclipseLogger - Using 'UTF-8' encoding to copy filtered resources.
2023-04-06 12:32:11,281 [Worker-52: Building workspace] INFO  o.e.m.c.i.embedder.EclipseLogger - Using 'UTF-8' encoding to copy filtered properties files.
2023-04-06 12:32:11,281 [Worker-52: Building workspace] INFO  o.e.m.c.i.embedder.EclipseLogger - Copying 1 resource
2023-04-06 12:32:11,290 [Worker-52: Building workspace] INFO  o.e.m.c.i.embedder.EclipseLogger - Copying 0 resource
2023-04-06 12:32:11,291 [Worker-52: Building workspace] INFO  o.e.m.c.i.embedder.EclipseLogger - Using 'UTF-8' encoding to copy filtered resources.
2023-04-06 12:32:11,291 [Worker-52: Building workspace] INFO  o.e.m.c.i.embedder.EclipseLogger - Using 'UTF-8' encoding to copy filtered properties files.
2023-04-06 12:32:11,291 [Worker-52: Building workspace] INFO  o.e.m.c.i.embedder.EclipseLogger - skip non existing resourceDirectory D:\ProjectMini\MiniPRojectSpringboot\src\test\resources
2023-04-06 12:39:07,768 [Worker-48: Building workspace] INFO  o.e.m.c.i.embedder.EclipseLogger - Using 'UTF-8' encoding to copy filtered resources.
2023-04-06 12:39:07,768 [Worker-48: Building workspace] INFO  o.e.m.c.i.embedder.EclipseLogger - Using 'UTF-8' encoding to copy filtered properties files.
2023-04-06 12:39:07,769 [Worker-48: Building workspace] INFO  o.e.m.c.i.embedder.EclipseLogger - Copying 1 resource
2023-04-06 12:39:07,792 [Worker-48: Building workspace] INFO  o.e.m.c.i.embedder.EclipseLogger - Copying 0 resource
2023-04-06 12:39:07,794 [Worker-48: Building workspace] INFO  o.e.m.c.i.embedder.EclipseLogger - Using 'UTF-8' encoding to copy filtered resources.
2023-04-06 12:39:07,794 [Worker-48: Building workspace] INFO  o.e.m.c.i.embedder.EclipseLogger - Using 'UTF-8' encoding to copy filtered properties files.
2023-04-06 12:39:07,794 [Worker-48: Building workspace] INFO  o.e.m.c.i.embedder.EclipseLogger - skip non existing resourceDirectory D:\ProjectMini\MiniPRojectSpringboot\src\test\resources
2023-04-06 12:48:17,290 [Worker-47: Building workspace] INFO  o.e.m.c.i.embedder.EclipseLogger - Using 'UTF-8' encoding to copy filtered resources.
2023-04-06 12:48:17,290 [Worker-47: Building workspace] INFO  o.e.m.c.i.embedder.EclipseLogger - Using 'UTF-8' encoding to copy filtered properties files.
2023-04-06 12:48:17,290 [Worker-47: Building workspace] INFO  o.e.m.c.i.embedder.EclipseLogger - Copying 1 resource
2023-04-06 12:48:17,320 [Worker-47: Building workspace] INFO  o.e.m.c.i.embedder.EclipseLogger - Copying 0 resource
2023-04-06 12:48:17,322 [Worker-47: Building workspace] INFO  o.e.m.c.i.embedder.EclipseLogger - Using 'UTF-8' encoding to copy filtered resources.
2023-04-06 12:48:17,322 [Worker-47: Building workspace] INFO  o.e.m.c.i.embedder.EclipseLogger - Using 'UTF-8' encoding to copy filtered properties files.
2023-04-06 12:48:17,322 [Worker-47: Building workspace] INFO  o.e.m.c.i.embedder.EclipseLogger - skip non existing resourceDirectory D:\ProjectMini\MiniPRojectSpringboot\src\test\resources
